<?xml version="1.0" encoding="UTF-8"?>
<testsuite xmlns:xsi="http://www.w3.org/2001/XMLSchema-instance" xsi:noNamespaceSchemaLocation="https://maven.apache.org/surefire/maven-surefire-plugin/xsd/surefire-test-report-3.0.xsd" version="3.0" name="store.demostore.DemoStoreApplicationTests" time="19.824" tests="1" errors="0" skipped="0" failures="0">
  <properties>
    <property name="java.specification.version" value="17"/>
    <property name="sun.cpu.isalist" value="amd64"/>
    <property name="sun.jnu.encoding" value="Cp1252"/>
    <property name="java.class.path" value="C:\Users\Acer\Desktop\AppStore\Tienda-SpringBoot\target\test-classes;C:\Users\Acer\Desktop\AppStore\Tienda-SpringBoot\target\classes;C:\Users\Acer\.m2\repository\org\springframework\boot\spring-boot-starter-data-jpa\3.3.0-SNAPSHOT\spring-boot-starter-data-jpa-3.3.0-SNAPSHOT.jar;C:\Users\Acer\.m2\repository\org\springframework\boot\spring-boot-starter-aop\3.3.0-SNAPSHOT\spring-boot-starter-aop-3.3.0-SNAPSHOT.jar;C:\Users\Acer\.m2\repository\org\springframework\spring-aop\6.1.8\spring-aop-6.1.8.jar;C:\Users\Acer\.m2\repository\org\aspectj\aspectjweaver\1.9.22\aspectjweaver-1.9.22.jar;C:\Users\Acer\.m2\repository\org\springframework\boot\spring-boot-starter-jdbc\3.3.0-SNAPSHOT\spring-boot-starter-jdbc-3.3.0-SNAPSHOT.jar;C:\Users\Acer\.m2\repository\com\zaxxer\HikariCP\5.1.0\HikariCP-5.1.0.jar;C:\Users\Acer\.m2\repository\org\springframework\spring-jdbc\6.1.8\spring-jdbc-6.1.8.jar;C:\Users\Acer\.m2\repository\org\hibernate\orm\hibernate-core\6.5.2.Final\hibernate-core-6.5.2.Final.jar;C:\Users\Acer\.m2\repository\jakarta\persistence\jakarta.persistence-api\3.1.0\jakarta.persistence-api-3.1.0.jar;C:\Users\Acer\.m2\repository\jakarta\transaction\jakarta.transaction-api\2.0.1\jakarta.transaction-api-2.0.1.jar;C:\Users\Acer\.m2\repository\org\jboss\logging\jboss-logging\3.5.3.Final\jboss-logging-3.5.3.Final.jar;C:\Users\Acer\.m2\repository\org\hibernate\common\hibernate-commons-annotations\6.0.6.Final\hibernate-commons-annotations-6.0.6.Final.jar;C:\Users\Acer\.m2\repository\io\smallrye\jandex\3.1.2\jandex-3.1.2.jar;C:\Users\Acer\.m2\repository\com\fasterxml\classmate\1.7.0\classmate-1.7.0.jar;C:\Users\Acer\.m2\repository\net\bytebuddy\byte-buddy\1.14.16\byte-buddy-1.14.16.jar;C:\Users\Acer\.m2\repository\org\glassfish\jaxb\jaxb-runtime\4.0.5\jaxb-runtime-4.0.5.jar;C:\Users\Acer\.m2\repository\org\glassfish\jaxb\jaxb-core\4.0.5\jaxb-core-4.0.5.jar;C:\Users\Acer\.m2\repository\org\eclipse\angus\angus-activation\2.0.2\angus-activation-2.0.2.jar;C:\Users\Acer\.m2\repository\org\glassfish\jaxb\txw2\4.0.5\txw2-4.0.5.jar;C:\Users\Acer\.m2\repository\com\sun\istack\istack-commons-runtime\4.1.2\istack-commons-runtime-4.1.2.jar;C:\Users\Acer\.m2\repository\jakarta\inject\jakarta.inject-api\2.0.1\jakarta.inject-api-2.0.1.jar;C:\Users\Acer\.m2\repository\org\antlr\antlr4-runtime\4.13.0\antlr4-runtime-4.13.0.jar;C:\Users\Acer\.m2\repository\org\springframework\data\spring-data-jpa\3.3.0\spring-data-jpa-3.3.0.jar;C:\Users\Acer\.m2\repository\org\springframework\data\spring-data-commons\3.3.0\spring-data-commons-3.3.0.jar;C:\Users\Acer\.m2\repository\org\springframework\spring-orm\6.1.8\spring-orm-6.1.8.jar;C:\Users\Acer\.m2\repository\org\springframework\spring-context\6.1.8\spring-context-6.1.8.jar;C:\Users\Acer\.m2\repository\org\springframework\spring-tx\6.1.8\spring-tx-6.1.8.jar;C:\Users\Acer\.m2\repository\org\springframework\spring-beans\6.1.8\spring-beans-6.1.8.jar;C:\Users\Acer\.m2\repository\jakarta\annotation\jakarta.annotation-api\2.1.1\jakarta.annotation-api-2.1.1.jar;C:\Users\Acer\.m2\repository\org\slf4j\slf4j-api\2.0.13\slf4j-api-2.0.13.jar;C:\Users\Acer\.m2\repository\org\springframework\spring-aspects\6.1.8\spring-aspects-6.1.8.jar;C:\Users\Acer\.m2\repository\org\springframework\boot\spring-boot-starter-web\3.3.0-SNAPSHOT\spring-boot-starter-web-3.3.0-SNAPSHOT.jar;C:\Users\Acer\.m2\repository\org\springframework\boot\spring-boot-starter\3.3.0-SNAPSHOT\spring-boot-starter-3.3.0-SNAPSHOT.jar;C:\Users\Acer\.m2\repository\org\springframework\boot\spring-boot-starter-logging\3.3.0-SNAPSHOT\spring-boot-starter-logging-3.3.0-SNAPSHOT.jar;C:\Users\Acer\.m2\repository\ch\qos\logback\logback-classic\1.5.6\logback-classic-1.5.6.jar;C:\Users\Acer\.m2\repository\ch\qos\logback\logback-core\1.5.6\logback-core-1.5.6.jar;C:\Users\Acer\.m2\repository\org\apache\logging\log4j\log4j-to-slf4j\2.23.1\log4j-to-slf4j-2.23.1.jar;C:\Users\Acer\.m2\repository\org\apache\logging\log4j\log4j-api\2.23.1\log4j-api-2.23.1.jar;C:\Users\Acer\.m2\repository\org\slf4j\jul-to-slf4j\2.0.13\jul-to-slf4j-2.0.13.jar;C:\Users\Acer\.m2\repository\org\yaml\snakeyaml\2.2\snakeyaml-2.2.jar;C:\Users\Acer\.m2\repository\org\springframework\boot\spring-boot-starter-json\3.3.0-SNAPSHOT\spring-boot-starter-json-3.3.0-SNAPSHOT.jar;C:\Users\Acer\.m2\repository\com\fasterxml\jackson\core\jackson-databind\2.17.1\jackson-databind-2.17.1.jar;C:\Users\Acer\.m2\repository\com\fasterxml\jackson\core\jackson-annotations\2.17.1\jackson-annotations-2.17.1.jar;C:\Users\Acer\.m2\repository\com\fasterxml\jackson\core\jackson-core\2.17.1\jackson-core-2.17.1.jar;C:\Users\Acer\.m2\repository\com\fasterxml\jackson\datatype\jackson-datatype-jdk8\2.17.1\jackson-datatype-jdk8-2.17.1.jar;C:\Users\Acer\.m2\repository\com\fasterxml\jackson\datatype\jackson-datatype-jsr310\2.17.1\jackson-datatype-jsr310-2.17.1.jar;C:\Users\Acer\.m2\repository\com\fasterxml\jackson\module\jackson-module-parameter-names\2.17.1\jackson-module-parameter-names-2.17.1.jar;C:\Users\Acer\.m2\repository\org\springframework\boot\spring-boot-starter-tomcat\3.3.0-SNAPSHOT\spring-boot-starter-tomcat-3.3.0-SNAPSHOT.jar;C:\Users\Acer\.m2\repository\org\apache\tomcat\embed\tomcat-embed-core\10.1.24\tomcat-embed-core-10.1.24.jar;C:\Users\Acer\.m2\repository\org\apache\tomcat\embed\tomcat-embed-websocket\10.1.24\tomcat-embed-websocket-10.1.24.jar;C:\Users\Acer\.m2\repository\org\springframework\spring-web\6.1.8\spring-web-6.1.8.jar;C:\Users\Acer\.m2\repository\io\micrometer\micrometer-observation\1.13.0\micrometer-observation-1.13.0.jar;C:\Users\Acer\.m2\repository\io\micrometer\micrometer-commons\1.13.0\micrometer-commons-1.13.0.jar;C:\Users\Acer\.m2\repository\org\springframework\spring-webmvc\6.1.8\spring-webmvc-6.1.8.jar;C:\Users\Acer\.m2\repository\org\springframework\spring-expression\6.1.8\spring-expression-6.1.8.jar;C:\Users\Acer\.m2\repository\org\springframework\boot\spring-boot-devtools\3.3.0-SNAPSHOT\spring-boot-devtools-3.3.0-SNAPSHOT.jar;C:\Users\Acer\.m2\repository\org\springframework\boot\spring-boot\3.3.0-SNAPSHOT\spring-boot-3.3.0-SNAPSHOT.jar;C:\Users\Acer\.m2\repository\org\springframework\boot\spring-boot-autoconfigure\3.3.0-SNAPSHOT\spring-boot-autoconfigure-3.3.0-SNAPSHOT.jar;C:\Users\Acer\.m2\repository\org\postgresql\postgresql\42.7.3\postgresql-42.7.3.jar;C:\Users\Acer\.m2\repository\org\checkerframework\checker-qual\3.42.0\checker-qual-3.42.0.jar;C:\Users\Acer\.m2\repository\org\springframework\boot\spring-boot-starter-test\3.3.0-SNAPSHOT\spring-boot-starter-test-3.3.0-SNAPSHOT.jar;C:\Users\Acer\.m2\repository\org\springframework\boot\spring-boot-test\3.3.0-SNAPSHOT\spring-boot-test-3.3.0-SNAPSHOT.jar;C:\Users\Acer\.m2\repository\org\springframework\boot\spring-boot-test-autoconfigure\3.3.0-SNAPSHOT\spring-boot-test-autoconfigure-3.3.0-SNAPSHOT.jar;C:\Users\Acer\.m2\repository\com\jayway\jsonpath\json-path\2.9.0\json-path-2.9.0.jar;C:\Users\Acer\.m2\repository\jakarta\xml\bind\jakarta.xml.bind-api\4.0.2\jakarta.xml.bind-api-4.0.2.jar;C:\Users\Acer\.m2\repository\jakarta\activation\jakarta.activation-api\2.1.3\jakarta.activation-api-2.1.3.jar;C:\Users\Acer\.m2\repository\net\minidev\json-smart\2.5.1\json-smart-2.5.1.jar;C:\Users\Acer\.m2\repository\net\minidev\accessors-smart\2.5.1\accessors-smart-2.5.1.jar;C:\Users\Acer\.m2\repository\org\ow2\asm\asm\9.6\asm-9.6.jar;C:\Users\Acer\.m2\repository\org\assertj\assertj-core\3.25.3\assertj-core-3.25.3.jar;C:\Users\Acer\.m2\repository\org\awaitility\awaitility\4.2.1\awaitility-4.2.1.jar;C:\Users\Acer\.m2\repository\org\hamcrest\hamcrest\2.2\hamcrest-2.2.jar;C:\Users\Acer\.m2\repository\org\junit\jupiter\junit-jupiter\5.10.2\junit-jupiter-5.10.2.jar;C:\Users\Acer\.m2\repository\org\junit\jupiter\junit-jupiter-api\5.10.2\junit-jupiter-api-5.10.2.jar;C:\Users\Acer\.m2\repository\org\opentest4j\opentest4j\1.3.0\opentest4j-1.3.0.jar;C:\Users\Acer\.m2\repository\org\junit\platform\junit-platform-commons\1.10.2\junit-platform-commons-1.10.2.jar;C:\Users\Acer\.m2\repository\org\apiguardian\apiguardian-api\1.1.2\apiguardian-api-1.1.2.jar;C:\Users\Acer\.m2\repository\org\junit\jupiter\junit-jupiter-params\5.10.2\junit-jupiter-params-5.10.2.jar;C:\Users\Acer\.m2\repository\org\junit\jupiter\junit-jupiter-engine\5.10.2\junit-jupiter-engine-5.10.2.jar;C:\Users\Acer\.m2\repository\org\junit\platform\junit-platform-engine\1.10.2\junit-platform-engine-1.10.2.jar;C:\Users\Acer\.m2\repository\org\mockito\mockito-core\5.11.0\mockito-core-5.11.0.jar;C:\Users\Acer\.m2\repository\net\bytebuddy\byte-buddy-agent\1.14.16\byte-buddy-agent-1.14.16.jar;C:\Users\Acer\.m2\repository\org\objenesis\objenesis\3.3\objenesis-3.3.jar;C:\Users\Acer\.m2\repository\org\mockito\mockito-junit-jupiter\5.11.0\mockito-junit-jupiter-5.11.0.jar;C:\Users\Acer\.m2\repository\org\skyscreamer\jsonassert\1.5.1\jsonassert-1.5.1.jar;C:\Users\Acer\.m2\repository\com\vaadin\external\google\android-json\0.0.20131108.vaadin1\android-json-0.0.20131108.vaadin1.jar;C:\Users\Acer\.m2\repository\org\springframework\spring-core\6.1.8\spring-core-6.1.8.jar;C:\Users\Acer\.m2\repository\org\springframework\spring-jcl\6.1.8\spring-jcl-6.1.8.jar;C:\Users\Acer\.m2\repository\org\springframework\spring-test\6.1.8\spring-test-6.1.8.jar;C:\Users\Acer\.m2\repository\org\xmlunit\xmlunit-core\2.9.1\xmlunit-core-2.9.1.jar;C:\Users\Acer\.m2\repository\org\projectlombok\lombok\1.18.32\lombok-1.18.32.jar;C:\Users\Acer\.m2\repository\org\springframework\boot\spring-boot-starter-validation\3.3.0-SNAPSHOT\spring-boot-starter-validation-3.3.0-SNAPSHOT.jar;C:\Users\Acer\.m2\repository\org\apache\tomcat\embed\tomcat-embed-el\10.1.24\tomcat-embed-el-10.1.24.jar;C:\Users\Acer\.m2\repository\org\hibernate\validator\hibernate-validator\8.0.1.Final\hibernate-validator-8.0.1.Final.jar;C:\Users\Acer\.m2\repository\jakarta\validation\jakarta.validation-api\3.0.2\jakarta.validation-api-3.0.2.jar;C:\Users\Acer\.m2\repository\com\mysql\mysql-connector-j\8.3.0\mysql-connector-j-8.3.0.jar;"/>
    <property name="java.vm.vendor" value="Oracle Corporation"/>
    <property name="sun.arch.data.model" value="64"/>
    <property name="user.variant" value=""/>
    <property name="java.vendor.url" value="https://java.oracle.com/"/>
    <property name="user.timezone" value="America/Bogota"/>
    <property name="org.jboss.logging.provider" value="slf4j"/>
    <property name="os.name" value="Windows 11"/>
    <property name="java.vm.specification.version" value="17"/>
    <property name="sun.java.launcher" value="SUN_STANDARD"/>
    <property name="user.country" value="CO"/>
    <property name="sun.boot.library.path" value="C:\Program Files\Java\jdk-17\bin"/>
    <property name="sun.java.command" value="C:\Users\Acer\AppData\Local\Temp\surefire8317044617226358185\surefirebooter-20240723223855434_3.jar C:\Users\Acer\AppData\Local\Temp\surefire8317044617226358185 2024-07-23T22-38-55_242-jvmRun1 surefire-20240723223855434_1tmp surefire_0-20240723223855434_2tmp"/>
    <property name="jdk.debug" value="release"/>
    <property name="surefire.test.class.path" value="C:\Users\Acer\Desktop\AppStore\Tienda-SpringBoot\target\test-classes;C:\Users\Acer\Desktop\AppStore\Tienda-SpringBoot\target\classes;C:\Users\Acer\.m2\repository\org\springframework\boot\spring-boot-starter-data-jpa\3.3.0-SNAPSHOT\spring-boot-starter-data-jpa-3.3.0-SNAPSHOT.jar;C:\Users\Acer\.m2\repository\org\springframework\boot\spring-boot-starter-aop\3.3.0-SNAPSHOT\spring-boot-starter-aop-3.3.0-SNAPSHOT.jar;C:\Users\Acer\.m2\repository\org\springframework\spring-aop\6.1.8\spring-aop-6.1.8.jar;C:\Users\Acer\.m2\repository\org\aspectj\aspectjweaver\1.9.22\aspectjweaver-1.9.22.jar;C:\Users\Acer\.m2\repository\org\springframework\boot\spring-boot-starter-jdbc\3.3.0-SNAPSHOT\spring-boot-starter-jdbc-3.3.0-SNAPSHOT.jar;C:\Users\Acer\.m2\repository\com\zaxxer\HikariCP\5.1.0\HikariCP-5.1.0.jar;C:\Users\Acer\.m2\repository\org\springframework\spring-jdbc\6.1.8\spring-jdbc-6.1.8.jar;C:\Users\Acer\.m2\repository\org\hibernate\orm\hibernate-core\6.5.2.Final\hibernate-core-6.5.2.Final.jar;C:\Users\Acer\.m2\repository\jakarta\persistence\jakarta.persistence-api\3.1.0\jakarta.persistence-api-3.1.0.jar;C:\Users\Acer\.m2\repository\jakarta\transaction\jakarta.transaction-api\2.0.1\jakarta.transaction-api-2.0.1.jar;C:\Users\Acer\.m2\repository\org\jboss\logging\jboss-logging\3.5.3.Final\jboss-logging-3.5.3.Final.jar;C:\Users\Acer\.m2\repository\org\hibernate\common\hibernate-commons-annotations\6.0.6.Final\hibernate-commons-annotations-6.0.6.Final.jar;C:\Users\Acer\.m2\repository\io\smallrye\jandex\3.1.2\jandex-3.1.2.jar;C:\Users\Acer\.m2\repository\com\fasterxml\classmate\1.7.0\classmate-1.7.0.jar;C:\Users\Acer\.m2\repository\net\bytebuddy\byte-buddy\1.14.16\byte-buddy-1.14.16.jar;C:\Users\Acer\.m2\repository\org\glassfish\jaxb\jaxb-runtime\4.0.5\jaxb-runtime-4.0.5.jar;C:\Users\Acer\.m2\repository\org\glassfish\jaxb\jaxb-core\4.0.5\jaxb-core-4.0.5.jar;C:\Users\Acer\.m2\repository\org\eclipse\angus\angus-activation\2.0.2\angus-activation-2.0.2.jar;C:\Users\Acer\.m2\repository\org\glassfish\jaxb\txw2\4.0.5\txw2-4.0.5.jar;C:\Users\Acer\.m2\repository\com\sun\istack\istack-commons-runtime\4.1.2\istack-commons-runtime-4.1.2.jar;C:\Users\Acer\.m2\repository\jakarta\inject\jakarta.inject-api\2.0.1\jakarta.inject-api-2.0.1.jar;C:\Users\Acer\.m2\repository\org\antlr\antlr4-runtime\4.13.0\antlr4-runtime-4.13.0.jar;C:\Users\Acer\.m2\repository\org\springframework\data\spring-data-jpa\3.3.0\spring-data-jpa-3.3.0.jar;C:\Users\Acer\.m2\repository\org\springframework\data\spring-data-commons\3.3.0\spring-data-commons-3.3.0.jar;C:\Users\Acer\.m2\repository\org\springframework\spring-orm\6.1.8\spring-orm-6.1.8.jar;C:\Users\Acer\.m2\repository\org\springframework\spring-context\6.1.8\spring-context-6.1.8.jar;C:\Users\Acer\.m2\repository\org\springframework\spring-tx\6.1.8\spring-tx-6.1.8.jar;C:\Users\Acer\.m2\repository\org\springframework\spring-beans\6.1.8\spring-beans-6.1.8.jar;C:\Users\Acer\.m2\repository\jakarta\annotation\jakarta.annotation-api\2.1.1\jakarta.annotation-api-2.1.1.jar;C:\Users\Acer\.m2\repository\org\slf4j\slf4j-api\2.0.13\slf4j-api-2.0.13.jar;C:\Users\Acer\.m2\repository\org\springframework\spring-aspects\6.1.8\spring-aspects-6.1.8.jar;C:\Users\Acer\.m2\repository\org\springframework\boot\spring-boot-starter-web\3.3.0-SNAPSHOT\spring-boot-starter-web-3.3.0-SNAPSHOT.jar;C:\Users\Acer\.m2\repository\org\springframework\boot\spring-boot-starter\3.3.0-SNAPSHOT\spring-boot-starter-3.3.0-SNAPSHOT.jar;C:\Users\Acer\.m2\repository\org\springframework\boot\spring-boot-starter-logging\3.3.0-SNAPSHOT\spring-boot-starter-logging-3.3.0-SNAPSHOT.jar;C:\Users\Acer\.m2\repository\ch\qos\logback\logback-classic\1.5.6\logback-classic-1.5.6.jar;C:\Users\Acer\.m2\repository\ch\qos\logback\logback-core\1.5.6\logback-core-1.5.6.jar;C:\Users\Acer\.m2\repository\org\apache\logging\log4j\log4j-to-slf4j\2.23.1\log4j-to-slf4j-2.23.1.jar;C:\Users\Acer\.m2\repository\org\apache\logging\log4j\log4j-api\2.23.1\log4j-api-2.23.1.jar;C:\Users\Acer\.m2\repository\org\slf4j\jul-to-slf4j\2.0.13\jul-to-slf4j-2.0.13.jar;C:\Users\Acer\.m2\repository\org\yaml\snakeyaml\2.2\snakeyaml-2.2.jar;C:\Users\Acer\.m2\repository\org\springframework\boot\spring-boot-starter-json\3.3.0-SNAPSHOT\spring-boot-starter-json-3.3.0-SNAPSHOT.jar;C:\Users\Acer\.m2\repository\com\fasterxml\jackson\core\jackson-databind\2.17.1\jackson-databind-2.17.1.jar;C:\Users\Acer\.m2\repository\com\fasterxml\jackson\core\jackson-annotations\2.17.1\jackson-annotations-2.17.1.jar;C:\Users\Acer\.m2\repository\com\fasterxml\jackson\core\jackson-core\2.17.1\jackson-core-2.17.1.jar;C:\Users\Acer\.m2\repository\com\fasterxml\jackson\datatype\jackson-datatype-jdk8\2.17.1\jackson-datatype-jdk8-2.17.1.jar;C:\Users\Acer\.m2\repository\com\fasterxml\jackson\datatype\jackson-datatype-jsr310\2.17.1\jackson-datatype-jsr310-2.17.1.jar;C:\Users\Acer\.m2\repository\com\fasterxml\jackson\module\jackson-module-parameter-names\2.17.1\jackson-module-parameter-names-2.17.1.jar;C:\Users\Acer\.m2\repository\org\springframework\boot\spring-boot-starter-tomcat\3.3.0-SNAPSHOT\spring-boot-starter-tomcat-3.3.0-SNAPSHOT.jar;C:\Users\Acer\.m2\repository\org\apache\tomcat\embed\tomcat-embed-core\10.1.24\tomcat-embed-core-10.1.24.jar;C:\Users\Acer\.m2\repository\org\apache\tomcat\embed\tomcat-embed-websocket\10.1.24\tomcat-embed-websocket-10.1.24.jar;C:\Users\Acer\.m2\repository\org\springframework\spring-web\6.1.8\spring-web-6.1.8.jar;C:\Users\Acer\.m2\repository\io\micrometer\micrometer-observation\1.13.0\micrometer-observation-1.13.0.jar;C:\Users\Acer\.m2\repository\io\micrometer\micrometer-commons\1.13.0\micrometer-commons-1.13.0.jar;C:\Users\Acer\.m2\repository\org\springframework\spring-webmvc\6.1.8\spring-webmvc-6.1.8.jar;C:\Users\Acer\.m2\repository\org\springframework\spring-expression\6.1.8\spring-expression-6.1.8.jar;C:\Users\Acer\.m2\repository\org\springframework\boot\spring-boot-devtools\3.3.0-SNAPSHOT\spring-boot-devtools-3.3.0-SNAPSHOT.jar;C:\Users\Acer\.m2\repository\org\springframework\boot\spring-boot\3.3.0-SNAPSHOT\spring-boot-3.3.0-SNAPSHOT.jar;C:\Users\Acer\.m2\repository\org\springframework\boot\spring-boot-autoconfigure\3.3.0-SNAPSHOT\spring-boot-autoconfigure-3.3.0-SNAPSHOT.jar;C:\Users\Acer\.m2\repository\org\postgresql\postgresql\42.7.3\postgresql-42.7.3.jar;C:\Users\Acer\.m2\repository\org\checkerframework\checker-qual\3.42.0\checker-qual-3.42.0.jar;C:\Users\Acer\.m2\repository\org\springframework\boot\spring-boot-starter-test\3.3.0-SNAPSHOT\spring-boot-starter-test-3.3.0-SNAPSHOT.jar;C:\Users\Acer\.m2\repository\org\springframework\boot\spring-boot-test\3.3.0-SNAPSHOT\spring-boot-test-3.3.0-SNAPSHOT.jar;C:\Users\Acer\.m2\repository\org\springframework\boot\spring-boot-test-autoconfigure\3.3.0-SNAPSHOT\spring-boot-test-autoconfigure-3.3.0-SNAPSHOT.jar;C:\Users\Acer\.m2\repository\com\jayway\jsonpath\json-path\2.9.0\json-path-2.9.0.jar;C:\Users\Acer\.m2\repository\jakarta\xml\bind\jakarta.xml.bind-api\4.0.2\jakarta.xml.bind-api-4.0.2.jar;C:\Users\Acer\.m2\repository\jakarta\activation\jakarta.activation-api\2.1.3\jakarta.activation-api-2.1.3.jar;C:\Users\Acer\.m2\repository\net\minidev\json-smart\2.5.1\json-smart-2.5.1.jar;C:\Users\Acer\.m2\repository\net\minidev\accessors-smart\2.5.1\accessors-smart-2.5.1.jar;C:\Users\Acer\.m2\repository\org\ow2\asm\asm\9.6\asm-9.6.jar;C:\Users\Acer\.m2\repository\org\assertj\assertj-core\3.25.3\assertj-core-3.25.3.jar;C:\Users\Acer\.m2\repository\org\awaitility\awaitility\4.2.1\awaitility-4.2.1.jar;C:\Users\Acer\.m2\repository\org\hamcrest\hamcrest\2.2\hamcrest-2.2.jar;C:\Users\Acer\.m2\repository\org\junit\jupiter\junit-jupiter\5.10.2\junit-jupiter-5.10.2.jar;C:\Users\Acer\.m2\repository\org\junit\jupiter\junit-jupiter-api\5.10.2\junit-jupiter-api-5.10.2.jar;C:\Users\Acer\.m2\repository\org\opentest4j\opentest4j\1.3.0\opentest4j-1.3.0.jar;C:\Users\Acer\.m2\repository\org\junit\platform\junit-platform-commons\1.10.2\junit-platform-commons-1.10.2.jar;C:\Users\Acer\.m2\repository\org\apiguardian\apiguardian-api\1.1.2\apiguardian-api-1.1.2.jar;C:\Users\Acer\.m2\repository\org\junit\jupiter\junit-jupiter-params\5.10.2\junit-jupiter-params-5.10.2.jar;C:\Users\Acer\.m2\repository\org\junit\jupiter\junit-jupiter-engine\5.10.2\junit-jupiter-engine-5.10.2.jar;C:\Users\Acer\.m2\repository\org\junit\platform\junit-platform-engine\1.10.2\junit-platform-engine-1.10.2.jar;C:\Users\Acer\.m2\repository\org\mockito\mockito-core\5.11.0\mockito-core-5.11.0.jar;C:\Users\Acer\.m2\repository\net\bytebuddy\byte-buddy-agent\1.14.16\byte-buddy-agent-1.14.16.jar;C:\Users\Acer\.m2\repository\org\objenesis\objenesis\3.3\objenesis-3.3.jar;C:\Users\Acer\.m2\repository\org\mockito\mockito-junit-jupiter\5.11.0\mockito-junit-jupiter-5.11.0.jar;C:\Users\Acer\.m2\repository\org\skyscreamer\jsonassert\1.5.1\jsonassert-1.5.1.jar;C:\Users\Acer\.m2\repository\com\vaadin\external\google\android-json\0.0.20131108.vaadin1\android-json-0.0.20131108.vaadin1.jar;C:\Users\Acer\.m2\repository\org\springframework\spring-core\6.1.8\spring-core-6.1.8.jar;C:\Users\Acer\.m2\repository\org\springframework\spring-jcl\6.1.8\spring-jcl-6.1.8.jar;C:\Users\Acer\.m2\repository\org\springframework\spring-test\6.1.8\spring-test-6.1.8.jar;C:\Users\Acer\.m2\repository\org\xmlunit\xmlunit-core\2.9.1\xmlunit-core-2.9.1.jar;C:\Users\Acer\.m2\repository\org\projectlombok\lombok\1.18.32\lombok-1.18.32.jar;C:\Users\Acer\.m2\repository\org\springframework\boot\spring-boot-starter-validation\3.3.0-SNAPSHOT\spring-boot-starter-validation-3.3.0-SNAPSHOT.jar;C:\Users\Acer\.m2\repository\org\apache\tomcat\embed\tomcat-embed-el\10.1.24\tomcat-embed-el-10.1.24.jar;C:\Users\Acer\.m2\repository\org\hibernate\validator\hibernate-validator\8.0.1.Final\hibernate-validator-8.0.1.Final.jar;C:\Users\Acer\.m2\repository\jakarta\validation\jakarta.validation-api\3.0.2\jakarta.validation-api-3.0.2.jar;C:\Users\Acer\.m2\repository\com\mysql\mysql-connector-j\8.3.0\mysql-connector-j-8.3.0.jar;"/>
    <property name="sun.cpu.endian" value="little"/>
    <property name="user.home" value="C:\Users\Acer"/>
    <property name="user.language" value="es"/>
    <property name="java.specification.vendor" value="Oracle Corporation"/>
    <property name="java.version.date" value="2023-10-17"/>
    <property name="java.home" value="C:\Program Files\Java\jdk-17"/>
    <property name="file.separator" value="\"/>
    <property name="basedir" value="C:\Users\Acer\Desktop\AppStore\Tienda-SpringBoot"/>
    <property name="java.vm.compressedOopsMode" value="Zero based"/>
    <property name="line.separator" value="&#10;"/>
    <property name="java.vm.specification.vendor" value="Oracle Corporation"/>
    <property name="java.specification.name" value="Java Platform API Specification"/>
    <property name="FILE_LOG_CHARSET" value="windows-1252"/>
    <property name="java.awt.headless" value="true"/>
    <property name="surefire.real.class.path" value="C:\Users\Acer\AppData\Local\Temp\surefire8317044617226358185\surefirebooter-20240723223855434_3.jar"/>
    <property name="user.script" value=""/>
    <property name="sun.management.compiler" value="HotSpot 64-Bit Tiered Compilers"/>
    <property name="java.runtime.version" value="17.0.9+11-LTS-201"/>
    <property name="user.name" value="Acer"/>
    <property name="path.separator" value=";"/>
    <property name="os.version" value="10.0"/>
    <property name="java.runtime.name" value="Java(TM) SE Runtime Environment"/>
    <property name="file.encoding" value="Cp1252"/>
    <property name="java.vm.name" value="Java HotSpot(TM) 64-Bit Server VM"/>
    <property name="localRepository" value="C:\Users\Acer\.m2\repository"/>
    <property name="java.vendor.url.bug" value="https://bugreport.java.com/bugreport/"/>
    <property name="java.io.tmpdir" value="C:\Users\Acer\AppData\Local\Temp\"/>
    <property name="com.zaxxer.hikari.pool_number" value="1"/>
    <property name="java.version" value="17.0.9"/>
    <property name="user.dir" value="C:\Users\Acer\Desktop\AppStore\Tienda-SpringBoot"/>
    <property name="os.arch" value="amd64"/>
    <property name="java.vm.specification.name" value="Java Virtual Machine Specification"/>
    <property name="PID" value="5648"/>
    <property name="sun.os.patch.level" value=""/>
    <property name="CONSOLE_LOG_CHARSET" value="windows-1252"/>
    <property name="native.encoding" value="Cp1252"/>
    <property name="java.library.path" value="C:\Program Files\Java\jdk-17\bin;C:\WINDOWS\Sun\Java\bin;C:\WINDOWS\system32;C:\WINDOWS;C:\Program Files\Common Files\Oracle\Java\javapath;C:\Program Files\Microsoft\jdk-11.0.16.101-hotspot\bin;C:\WINDOWS\system32;C:\WINDOWS;C:\WINDOWS\System32\Wbem;C:\WINDOWS\System32\WindowsPowerShell\v1.0\;C:\WINDOWS\System32\OpenSSH\;C:\Program Files\dotnet\;C:\Program Files\nodejs\;C:\xampp\php;C:\ProgramData\ComposerSetup\bin;C:\Program Files\Microsoft SQL Server\150\Tools\Binn\;C:\Program Files\Microsoft SQL Server\Client SDK\ODBC\170\Tools\Binn\;C:\Program Files\Docker\Docker\resources\bin;C:\Users\Acer\Desktop;C:\Users\Acer\AppData\Local\Programs\Python\Python311\Scripts\;C:\Users\Acer\AppData\Local\Programs\Python\Python311\;C:\Program Files\apache-maven-3.9.6\bin;C:\ProgramData\chocolatey\bin;C:\Program Files\Git\cmd;C:\Program Files\Microsoft VS Code Insiders\bin;C:\Users\Acer\AppData\Local\Programs\Python\Python311\Scripts\;C:\Users\Acer\AppData\Local\Programs\Python\Python311\;C:\Users\Acer\AppData\Local\Microsoft\WindowsApps;C:\Users\Acer\AppData\Local\Programs\Microsoft VS Code\bin;C:\Users\Acer\AppData\Roaming\npm;C:\Users\Acer\AppData\Roaming\Composer\vendor\bin;C:\flutter\bin;C:\Users\Acer\.dotnet\tools;C:\Program Files\JetBrains\IntelliJ IDEA 2023.1.3\bin;;C:\Program Files\JetBrains\IntelliJ IDEA Educational Edition 2022.2.2\bin;;C:\Program Files\MongoDB\Server\6.0\bin;C:\Users\Acer\AppData\Local\Programs\Microsoft VS Code Insiders\bin;C:\Users\Acer\Desktop;;."/>
    <property name="java.vm.info" value="mixed mode, sharing"/>
    <property name="java.vendor" value="Oracle Corporation"/>
    <property name="java.vm.version" value="17.0.9+11-LTS-201"/>
    <property name="sun.io.unicode.encoding" value="UnicodeLittle"/>
    <property name="java.class.version" value="61.0"/>
  </properties>
  <testcase name="contextLoads" classname="store.demostore.DemoStoreApplicationTests" time="0.443">
    <system-out><![CDATA[22:38:56.225 [main] INFO org.springframework.test.context.support.AnnotationConfigContextLoaderUtils -- Could not detect default configuration classes for test class [store.demostore.DemoStoreApplicationTests]: DemoStoreApplicationTests does not declare any static, non-private, non-final, nested classes annotated with @Configuration.
22:38:56.337 [main] INFO org.springframework.boot.test.context.SpringBootTestContextBootstrapper -- Found @SpringBootConfiguration store.demostore.DemoStoreApplication for test class store.demostore.DemoStoreApplicationTests
22:38:56.531 [main] INFO org.springframework.boot.devtools.restart.RestartApplicationListener -- Restart disabled due to context in which it is running
  .   ____          _            __ _ _
 /\\ / ___'_ __ _ _(_)_ __  __ _ \ \ \ \
( ( )\___ | '_ | '_| | '_ \/ _` | \ \ \ \
 \\/  ___)| |_)| | | | | || (_| |  ) ) ) )
  '  |____| .__|_| |_|_| |_\__, | / / / /
 =========|_|==============|___/=/_/_/_/

 :: Spring Boot ::       (v3.3.0-SNAPSHOT)

2024-07-23T22:38:56.786-05:00  INFO 5648 --- [           main] s.demostore.DemoStoreApplicationTests    : Starting DemoStoreApplicationTests using Java 17.0.9 with PID 5648 (started by Acer in C:\Users\Acer\Desktop\AppStore\Tienda-SpringBoot)
2024-07-23T22:38:56.788-05:00  INFO 5648 --- [           main] s.demostore.DemoStoreApplicationTests    : No active profile set, falling back to 1 default profile: "default"
2024-07-23T22:38:57.561-05:00  INFO 5648 --- [           main] .s.d.r.c.RepositoryConfigurationDelegate : Bootstrapping Spring Data JPA repositories in DEFAULT mode.
2024-07-23T22:38:57.665-05:00  INFO 5648 --- [           main] .s.d.r.c.RepositoryConfigurationDelegate : Finished Spring Data repository scanning in 94 ms. Found 11 JPA repository interfaces.
2024-07-23T22:38:58.166-05:00  INFO 5648 --- [           main] o.hibernate.jpa.internal.util.LogHelper  : HHH000204: Processing PersistenceUnitInfo [name: default]
2024-07-23T22:38:58.239-05:00  INFO 5648 --- [           main] org.hibernate.Version                    : HHH000412: Hibernate ORM core version 6.5.2.Final
2024-07-23T22:38:58.294-05:00  INFO 5648 --- [           main] o.h.c.internal.RegionFactoryInitiator    : HHH000026: Second-level cache disabled
2024-07-23T22:38:58.694-05:00  INFO 5648 --- [           main] o.s.o.j.p.SpringPersistenceUnitInfo      : No LoadTimeWeaver setup: ignoring JPA class transformer
2024-07-23T22:38:58.730-05:00  INFO 5648 --- [           main] com.zaxxer.hikari.HikariDataSource       : HikariPool-1 - Starting...
2024-07-23T22:39:00.599-05:00  INFO 5648 --- [           main] com.zaxxer.hikari.pool.HikariPool        : HikariPool-1 - Added connection org.postgresql.jdbc.PgConnection@586728e8
2024-07-23T22:39:00.602-05:00  INFO 5648 --- [           main] com.zaxxer.hikari.HikariDataSource       : HikariPool-1 - Start completed.
2024-07-23T22:39:00.809-05:00  WARN 5648 --- [           main] org.hibernate.orm.deprecation            : HHH90000025: PostgreSQLDialect does not need to be specified explicitly using 'hibernate.dialect' (remove the property setting and it will be selected by default)
2024-07-23T22:39:02.186-05:00  INFO 5648 --- [           main] o.h.e.t.j.p.i.JtaPlatformInitiator       : HHH000489: No JTA platform available (set 'hibernate.transaction.jta.platform' to enable JTA platform integration)
2024-07-23T22:39:02.839-05:00 DEBUG 5648 --- [           main] org.hibernate.SQL                        : create table categories (id varchar(255) not null, created_at varchar(255), description varchar(255), is_active boolean, name varchar(255) not null, updated_at varchar(255), primary key (id))
Hibernate: create table categories (id varchar(255) not null, created_at varchar(255), description varchar(255), is_active boolean, name varchar(255) not null, updated_at varchar(255), primary key (id))
2024-07-23T22:39:03.002-05:00 DEBUG 5648 --- [           main] org.hibernate.SQL                        : create table companies (id varchar(255) not null, address varchar(255) not null, cellphone integer not null, created_at varchar(255), email varchar(255) not null, image_url varchar(255) not null, name varchar(255) not null, nit varchar(255) not null, updated_at varchar(255), primary key (id))
Hibernate: create table companies (id varchar(255) not null, address varchar(255) not null, cellphone integer not null, created_at varchar(255), email varchar(255) not null, image_url varchar(255) not null, name varchar(255) not null, nit varchar(255) not null, updated_at varchar(255), primary key (id))
2024-07-23T22:39:03.166-05:00 DEBUG 5648 --- [           main] org.hibernate.SQL                        : create table customers (id varchar(255) not null, is_active boolean, user_id_id varchar(255), primary key (id))
Hibernate: create table customers (id varchar(255) not null, is_active boolean, user_id_id varchar(255), primary key (id))
2024-07-23T22:39:03.327-05:00 DEBUG 5648 --- [           main] org.hibernate.SQL                        : create table employees (id varchar(255) not null, code varchar(255) not null, is_active boolean, salary bigint not null, user_id_id varchar(255) not null, primary key (id))
Hibernate: create table employees (id varchar(255) not null, code varchar(255) not null, is_active boolean, salary bigint not null, user_id_id varchar(255) not null, primary key (id))
2024-07-23T22:39:03.483-05:00 DEBUG 5648 --- [           main] org.hibernate.SQL                        : create table employees_positions (employee_id varchar(255) not null, position_id varchar(255) not null)
Hibernate: create table employees_positions (employee_id varchar(255) not null, position_id varchar(255) not null)
2024-07-23T22:39:03.640-05:00 DEBUG 5648 --- [           main] org.hibernate.SQL                        : create table positions (id varchar(255) not null, description varchar(255), name varchar(255) not null, primary key (id))
Hibernate: create table positions (id varchar(255) not null, description varchar(255), name varchar(255) not null, primary key (id))
2024-07-23T22:39:03.810-05:00 DEBUG 5648 --- [           main] org.hibernate.SQL                        : create table products (id varchar(255) not null, category_id bytea not null, code varchar(255) not null, date_expiry varchar(255) not null, description varchar(255), image_url varchar(255), name varchar(255) not null, price bigint not null, stock bigint not null, primary key (id))
Hibernate: create table products (id varchar(255) not null, category_id bytea not null, code varchar(255) not null, date_expiry varchar(255) not null, description varchar(255), image_url varchar(255), name varchar(255) not null, price bigint not null, stock bigint not null, primary key (id))
2024-07-23T22:39:03.970-05:00 DEBUG 5648 --- [           main] org.hibernate.SQL                        : create table products_promotions (product_id varchar(255) not null, promotion_id varchar(255) not null)
Hibernate: create table products_promotions (product_id varchar(255) not null, promotion_id varchar(255) not null)
2024-07-23T22:39:04.119-05:00 DEBUG 5648 --- [           main] org.hibernate.SQL                        : create table promociones (id varchar(255) not null, code varchar(255) not null, description varchar(255), discount_rate integer not null, final_date varchar(255), initial_date varchar(255), name varchar(255) not null, primary key (id))
Hibernate: create table promociones (id varchar(255) not null, code varchar(255) not null, description varchar(255), discount_rate integer not null, final_date varchar(255), initial_date varchar(255), name varchar(255) not null, primary key (id))
2024-07-23T22:39:04.273-05:00 DEBUG 5648 --- [           main] org.hibernate.SQL                        : create table roles (id varchar(255) not null, description varchar(255), name varchar(255), primary key (id))
Hibernate: create table roles (id varchar(255) not null, description varchar(255), name varchar(255), primary key (id))
2024-07-23T22:39:04.429-05:00 DEBUG 5648 --- [           main] org.hibernate.SQL                        : create table sale_details (id varchar(255) not null, quantity integer not null, product_id varchar(255), sale_id varchar(255), primary key (id))
Hibernate: create table sale_details (id varchar(255) not null, quantity integer not null, product_id varchar(255), sale_id varchar(255), primary key (id))
2024-07-23T22:39:04.606-05:00 DEBUG 5648 --- [           main] org.hibernate.SQL                        : create table sales (id varchar(255) not null, code varchar(255) not null, date varchar(255), observations varchar(255), total bigint, customer_id varchar(255) not null, employe_id varchar(255) not null, primary key (id))
Hibernate: create table sales (id varchar(255) not null, code varchar(255) not null, date varchar(255), observations varchar(255), total bigint, customer_id varchar(255) not null, employe_id varchar(255) not null, primary key (id))
2024-07-23T22:39:04.765-05:00 DEBUG 5648 --- [           main] org.hibernate.SQL                        : create table users_companies (user_id varchar(255) not null, company_id varchar(255) not null)
Hibernate: create table users_companies (user_id varchar(255) not null, company_id varchar(255) not null)
2024-07-23T22:39:04.914-05:00 DEBUG 5648 --- [           main] org.hibernate.SQL                        : create table users_roles (user_id varchar(255) not null, role_id varchar(255) not null)
Hibernate: create table users_roles (user_id varchar(255) not null, role_id varchar(255) not null)
2024-07-23T22:39:05.072-05:00 DEBUG 5648 --- [           main] org.hibernate.SQL                        : create table usuarios (id varchar(255) not null, active boolean not null, address varchar(255), birthday_date varchar(255), email varchar(255), last_name varchar(255), name varchar(255), password varchar(255), phone varchar(255), primary key (id))
Hibernate: create table usuarios (id varchar(255) not null, active boolean not null, address varchar(255), birthday_date varchar(255), email varchar(255), last_name varchar(255), name varchar(255), password varchar(255), phone varchar(255), primary key (id))
2024-07-23T22:39:05.232-05:00 DEBUG 5648 --- [           main] org.hibernate.SQL                        : alter table if exists categories drop constraint if exists UKt8o6pivur7nn124jehx7cygw5
Hibernate: alter table if exists categories drop constraint if exists UKt8o6pivur7nn124jehx7cygw5
2024-07-23T22:39:05.382-05:00  WARN 5648 --- [           main] o.h.engine.jdbc.spi.SqlExceptionHelper   : SQL Warning Code: 0, SQLState: 00000
2024-07-23T22:39:05.382-05:00  WARN 5648 --- [           main] o.h.engine.jdbc.spi.SqlExceptionHelper   : constraint "ukt8o6pivur7nn124jehx7cygw5" of relation "categories" does not exist, skipping
2024-07-23T22:39:05.382-05:00 DEBUG 5648 --- [           main] org.hibernate.SQL                        : alter table if exists categories add constraint UKt8o6pivur7nn124jehx7cygw5 unique (name)
Hibernate: alter table if exists categories add constraint UKt8o6pivur7nn124jehx7cygw5 unique (name)
2024-07-23T22:39:05.533-05:00 DEBUG 5648 --- [           main] org.hibernate.SQL                        : alter table if exists companies drop constraint if exists UKdn9b4atrsy1mjwyapnndl1gkw
Hibernate: alter table if exists companies drop constraint if exists UKdn9b4atrsy1mjwyapnndl1gkw
2024-07-23T22:39:05.703-05:00  WARN 5648 --- [           main] o.h.engine.jdbc.spi.SqlExceptionHelper   : SQL Warning Code: 0, SQLState: 00000
2024-07-23T22:39:05.703-05:00  WARN 5648 --- [           main] o.h.engine.jdbc.spi.SqlExceptionHelper   : constraint "ukdn9b4atrsy1mjwyapnndl1gkw" of relation "companies" does not exist, skipping
2024-07-23T22:39:05.703-05:00 DEBUG 5648 --- [           main] org.hibernate.SQL                        : alter table if exists companies add constraint UKdn9b4atrsy1mjwyapnndl1gkw unique (address)
Hibernate: alter table if exists companies add constraint UKdn9b4atrsy1mjwyapnndl1gkw unique (address)
2024-07-23T22:39:05.857-05:00 DEBUG 5648 --- [           main] org.hibernate.SQL                        : alter table if exists companies drop constraint if exists UKj1lnw9exbetdvh0n0w9u0v1gi
Hibernate: alter table if exists companies drop constraint if exists UKj1lnw9exbetdvh0n0w9u0v1gi
2024-07-23T22:39:06.008-05:00  WARN 5648 --- [           main] o.h.engine.jdbc.spi.SqlExceptionHelper   : SQL Warning Code: 0, SQLState: 00000
2024-07-23T22:39:06.008-05:00  WARN 5648 --- [           main] o.h.engine.jdbc.spi.SqlExceptionHelper   : constraint "ukj1lnw9exbetdvh0n0w9u0v1gi" of relation "companies" does not exist, skipping
2024-07-23T22:39:06.008-05:00 DEBUG 5648 --- [           main] org.hibernate.SQL                        : alter table if exists companies add constraint UKj1lnw9exbetdvh0n0w9u0v1gi unique (cellphone)
Hibernate: alter table if exists companies add constraint UKj1lnw9exbetdvh0n0w9u0v1gi unique (cellphone)
2024-07-23T22:39:06.159-05:00 DEBUG 5648 --- [           main] org.hibernate.SQL                        : alter table if exists companies drop constraint if exists UKqjgsqh1oq7xhof2tdte9l7e2b
Hibernate: alter table if exists companies drop constraint if exists UKqjgsqh1oq7xhof2tdte9l7e2b
2024-07-23T22:39:06.340-05:00  WARN 5648 --- [           main] o.h.engine.jdbc.spi.SqlExceptionHelper   : SQL Warning Code: 0, SQLState: 00000
2024-07-23T22:39:06.340-05:00  WARN 5648 --- [           main] o.h.engine.jdbc.spi.SqlExceptionHelper   : constraint "ukqjgsqh1oq7xhof2tdte9l7e2b" of relation "companies" does not exist, skipping
2024-07-23T22:39:06.341-05:00 DEBUG 5648 --- [           main] org.hibernate.SQL                        : alter table if exists companies add constraint UKqjgsqh1oq7xhof2tdte9l7e2b unique (email)
Hibernate: alter table if exists companies add constraint UKqjgsqh1oq7xhof2tdte9l7e2b unique (email)
2024-07-23T22:39:06.489-05:00 DEBUG 5648 --- [           main] org.hibernate.SQL                        : alter table if exists companies drop constraint if exists UKbpfa5hpggvjye5a3435920hbb
Hibernate: alter table if exists companies drop constraint if exists UKbpfa5hpggvjye5a3435920hbb
2024-07-23T22:39:06.645-05:00  WARN 5648 --- [           main] o.h.engine.jdbc.spi.SqlExceptionHelper   : SQL Warning Code: 0, SQLState: 00000
2024-07-23T22:39:06.645-05:00  WARN 5648 --- [           main] o.h.engine.jdbc.spi.SqlExceptionHelper   : constraint "ukbpfa5hpggvjye5a3435920hbb" of relation "companies" does not exist, skipping
2024-07-23T22:39:06.645-05:00 DEBUG 5648 --- [           main] org.hibernate.SQL                        : alter table if exists companies add constraint UKbpfa5hpggvjye5a3435920hbb unique (image_url)
Hibernate: alter table if exists companies add constraint UKbpfa5hpggvjye5a3435920hbb unique (image_url)
2024-07-23T22:39:06.799-05:00 DEBUG 5648 --- [           main] org.hibernate.SQL                        : alter table if exists companies drop constraint if exists UK50ygfritln653mnfhxucoy8up
Hibernate: alter table if exists companies drop constraint if exists UK50ygfritln653mnfhxucoy8up
2024-07-23T22:39:06.946-05:00  WARN 5648 --- [           main] o.h.engine.jdbc.spi.SqlExceptionHelper   : SQL Warning Code: 0, SQLState: 00000
2024-07-23T22:39:06.946-05:00  WARN 5648 --- [           main] o.h.engine.jdbc.spi.SqlExceptionHelper   : constraint "uk50ygfritln653mnfhxucoy8up" of relation "companies" does not exist, skipping
2024-07-23T22:39:06.947-05:00 DEBUG 5648 --- [           main] org.hibernate.SQL                        : alter table if exists companies add constraint UK50ygfritln653mnfhxucoy8up unique (name)
Hibernate: alter table if exists companies add constraint UK50ygfritln653mnfhxucoy8up unique (name)
2024-07-23T22:39:07.098-05:00 DEBUG 5648 --- [           main] org.hibernate.SQL                        : alter table if exists companies drop constraint if exists UKkqfi84crdjjrjdg9txqt23fr
Hibernate: alter table if exists companies drop constraint if exists UKkqfi84crdjjrjdg9txqt23fr
2024-07-23T22:39:07.251-05:00  WARN 5648 --- [           main] o.h.engine.jdbc.spi.SqlExceptionHelper   : SQL Warning Code: 0, SQLState: 00000
2024-07-23T22:39:07.252-05:00  WARN 5648 --- [           main] o.h.engine.jdbc.spi.SqlExceptionHelper   : constraint "ukkqfi84crdjjrjdg9txqt23fr" of relation "companies" does not exist, skipping
2024-07-23T22:39:07.252-05:00 DEBUG 5648 --- [           main] org.hibernate.SQL                        : alter table if exists companies add constraint UKkqfi84crdjjrjdg9txqt23fr unique (nit)
Hibernate: alter table if exists companies add constraint UKkqfi84crdjjrjdg9txqt23fr unique (nit)
2024-07-23T22:39:07.404-05:00 DEBUG 5648 --- [           main] org.hibernate.SQL                        : alter table if exists customers drop constraint if exists UKms5s7fbxiy8jeui3k4eyy16nb
Hibernate: alter table if exists customers drop constraint if exists UKms5s7fbxiy8jeui3k4eyy16nb
2024-07-23T22:39:07.555-05:00  WARN 5648 --- [           main] o.h.engine.jdbc.spi.SqlExceptionHelper   : SQL Warning Code: 0, SQLState: 00000
2024-07-23T22:39:07.555-05:00  WARN 5648 --- [           main] o.h.engine.jdbc.spi.SqlExceptionHelper   : constraint "ukms5s7fbxiy8jeui3k4eyy16nb" of relation "customers" does not exist, skipping
2024-07-23T22:39:07.555-05:00 DEBUG 5648 --- [           main] org.hibernate.SQL                        : alter table if exists customers add constraint UKms5s7fbxiy8jeui3k4eyy16nb unique (user_id_id)
Hibernate: alter table if exists customers add constraint UKms5s7fbxiy8jeui3k4eyy16nb unique (user_id_id)
2024-07-23T22:39:07.720-05:00 DEBUG 5648 --- [           main] org.hibernate.SQL                        : alter table if exists employees drop constraint if exists UK3um79qgwg340lpaw7phtwudtc
Hibernate: alter table if exists employees drop constraint if exists UK3um79qgwg340lpaw7phtwudtc
2024-07-23T22:39:07.876-05:00  WARN 5648 --- [           main] o.h.engine.jdbc.spi.SqlExceptionHelper   : SQL Warning Code: 0, SQLState: 00000
2024-07-23T22:39:07.876-05:00  WARN 5648 --- [           main] o.h.engine.jdbc.spi.SqlExceptionHelper   : constraint "uk3um79qgwg340lpaw7phtwudtc" of relation "employees" does not exist, skipping
2024-07-23T22:39:07.877-05:00 DEBUG 5648 --- [           main] org.hibernate.SQL                        : alter table if exists employees add constraint UK3um79qgwg340lpaw7phtwudtc unique (code)
Hibernate: alter table if exists employees add constraint UK3um79qgwg340lpaw7phtwudtc unique (code)
2024-07-23T22:39:08.042-05:00 DEBUG 5648 --- [           main] org.hibernate.SQL                        : alter table if exists employees drop constraint if exists UKfr5g181tia8pky68lhuix8ngf
Hibernate: alter table if exists employees drop constraint if exists UKfr5g181tia8pky68lhuix8ngf
2024-07-23T22:39:08.185-05:00  WARN 5648 --- [           main] o.h.engine.jdbc.spi.SqlExceptionHelper   : SQL Warning Code: 0, SQLState: 00000
2024-07-23T22:39:08.185-05:00  WARN 5648 --- [           main] o.h.engine.jdbc.spi.SqlExceptionHelper   : constraint "ukfr5g181tia8pky68lhuix8ngf" of relation "employees" does not exist, skipping
2024-07-23T22:39:08.185-05:00 DEBUG 5648 --- [           main] org.hibernate.SQL                        : alter table if exists employees add constraint UKfr5g181tia8pky68lhuix8ngf unique (user_id_id)
Hibernate: alter table if exists employees add constraint UKfr5g181tia8pky68lhuix8ngf unique (user_id_id)
2024-07-23T22:39:08.351-05:00 DEBUG 5648 --- [           main] org.hibernate.SQL                        : alter table if exists employees_positions drop constraint if exists UKljpegdamngq0k054jefvuqvfm
Hibernate: alter table if exists employees_positions drop constraint if exists UKljpegdamngq0k054jefvuqvfm
2024-07-23T22:39:08.506-05:00  WARN 5648 --- [           main] o.h.engine.jdbc.spi.SqlExceptionHelper   : SQL Warning Code: 0, SQLState: 00000
2024-07-23T22:39:08.507-05:00  WARN 5648 --- [           main] o.h.engine.jdbc.spi.SqlExceptionHelper   : constraint "ukljpegdamngq0k054jefvuqvfm" of relation "employees_positions" does not exist, skipping
2024-07-23T22:39:08.507-05:00 DEBUG 5648 --- [           main] org.hibernate.SQL                        : alter table if exists employees_positions add constraint UKljpegdamngq0k054jefvuqvfm unique (employee_id, position_id)
Hibernate: alter table if exists employees_positions add constraint UKljpegdamngq0k054jefvuqvfm unique (employee_id, position_id)
2024-07-23T22:39:08.654-05:00 DEBUG 5648 --- [           main] org.hibernate.SQL                        : alter table if exists positions drop constraint if exists UK3vhyopdpf9huqh1t67ho6nayj
Hibernate: alter table if exists positions drop constraint if exists UK3vhyopdpf9huqh1t67ho6nayj
2024-07-23T22:39:08.802-05:00  WARN 5648 --- [           main] o.h.engine.jdbc.spi.SqlExceptionHelper   : SQL Warning Code: 0, SQLState: 00000
2024-07-23T22:39:08.802-05:00  WARN 5648 --- [           main] o.h.engine.jdbc.spi.SqlExceptionHelper   : constraint "uk3vhyopdpf9huqh1t67ho6nayj" of relation "positions" does not exist, skipping
2024-07-23T22:39:08.802-05:00 DEBUG 5648 --- [           main] org.hibernate.SQL                        : alter table if exists positions add constraint UK3vhyopdpf9huqh1t67ho6nayj unique (name)
Hibernate: alter table if exists positions add constraint UK3vhyopdpf9huqh1t67ho6nayj unique (name)
2024-07-23T22:39:08.984-05:00 DEBUG 5648 --- [           main] org.hibernate.SQL                        : alter table if exists products drop constraint if exists UK57ivhy5aj3qfmdvl6vxdfjs4p
Hibernate: alter table if exists products drop constraint if exists UK57ivhy5aj3qfmdvl6vxdfjs4p
2024-07-23T22:39:09.136-05:00  WARN 5648 --- [           main] o.h.engine.jdbc.spi.SqlExceptionHelper   : SQL Warning Code: 0, SQLState: 00000
2024-07-23T22:39:09.136-05:00  WARN 5648 --- [           main] o.h.engine.jdbc.spi.SqlExceptionHelper   : constraint "uk57ivhy5aj3qfmdvl6vxdfjs4p" of relation "products" does not exist, skipping
2024-07-23T22:39:09.136-05:00 DEBUG 5648 --- [           main] org.hibernate.SQL                        : alter table if exists products add constraint UK57ivhy5aj3qfmdvl6vxdfjs4p unique (code)
Hibernate: alter table if exists products add constraint UK57ivhy5aj3qfmdvl6vxdfjs4p unique (code)
2024-07-23T22:39:09.288-05:00 DEBUG 5648 --- [           main] org.hibernate.SQL                        : alter table if exists products_promotions drop constraint if exists UKhhxuql4bcf8s21yqhch2qmqse
Hibernate: alter table if exists products_promotions drop constraint if exists UKhhxuql4bcf8s21yqhch2qmqse
2024-07-23T22:39:09.436-05:00  WARN 5648 --- [           main] o.h.engine.jdbc.spi.SqlExceptionHelper   : SQL Warning Code: 0, SQLState: 00000
2024-07-23T22:39:09.437-05:00  WARN 5648 --- [           main] o.h.engine.jdbc.spi.SqlExceptionHelper   : constraint "ukhhxuql4bcf8s21yqhch2qmqse" of relation "products_promotions" does not exist, skipping
2024-07-23T22:39:09.437-05:00 DEBUG 5648 --- [           main] org.hibernate.SQL                        : alter table if exists products_promotions add constraint UKhhxuql4bcf8s21yqhch2qmqse unique (product_id, promotion_id)
Hibernate: alter table if exists products_promotions add constraint UKhhxuql4bcf8s21yqhch2qmqse unique (product_id, promotion_id)
2024-07-23T22:39:09.585-05:00 DEBUG 5648 --- [           main] org.hibernate.SQL                        : alter table if exists promociones drop constraint if exists UK4anh6pclwsr2wbblw40oohl2n
Hibernate: alter table if exists promociones drop constraint if exists UK4anh6pclwsr2wbblw40oohl2n
2024-07-23T22:39:09.737-05:00  WARN 5648 --- [           main] o.h.engine.jdbc.spi.SqlExceptionHelper   : SQL Warning Code: 0, SQLState: 00000
2024-07-23T22:39:09.737-05:00  WARN 5648 --- [           main] o.h.engine.jdbc.spi.SqlExceptionHelper   : constraint "uk4anh6pclwsr2wbblw40oohl2n" of relation "promociones" does not exist, skipping
2024-07-23T22:39:09.737-05:00 DEBUG 5648 --- [           main] org.hibernate.SQL                        : alter table if exists promociones add constraint UK4anh6pclwsr2wbblw40oohl2n unique (code)
Hibernate: alter table if exists promociones add constraint UK4anh6pclwsr2wbblw40oohl2n unique (code)
2024-07-23T22:39:09.891-05:00 DEBUG 5648 --- [           main] org.hibernate.SQL                        : alter table if exists promociones drop constraint if exists UKqqbod5u1qjhnyyc4m3tr30r3n
Hibernate: alter table if exists promociones drop constraint if exists UKqqbod5u1qjhnyyc4m3tr30r3n
2024-07-23T22:39:10.045-05:00  WARN 5648 --- [           main] o.h.engine.jdbc.spi.SqlExceptionHelper   : SQL Warning Code: 0, SQLState: 00000
2024-07-23T22:39:10.045-05:00  WARN 5648 --- [           main] o.h.engine.jdbc.spi.SqlExceptionHelper   : constraint "ukqqbod5u1qjhnyyc4m3tr30r3n" of relation "promociones" does not exist, skipping
2024-07-23T22:39:10.045-05:00 DEBUG 5648 --- [           main] org.hibernate.SQL                        : alter table if exists promociones add constraint UKqqbod5u1qjhnyyc4m3tr30r3n unique (final_date)
Hibernate: alter table if exists promociones add constraint UKqqbod5u1qjhnyyc4m3tr30r3n unique (final_date)
2024-07-23T22:39:10.194-05:00 DEBUG 5648 --- [           main] org.hibernate.SQL                        : alter table if exists promociones drop constraint if exists UK95ujjxmafyos732kgkit0d3ix
Hibernate: alter table if exists promociones drop constraint if exists UK95ujjxmafyos732kgkit0d3ix
2024-07-23T22:39:10.350-05:00  WARN 5648 --- [           main] o.h.engine.jdbc.spi.SqlExceptionHelper   : SQL Warning Code: 0, SQLState: 00000
2024-07-23T22:39:10.350-05:00  WARN 5648 --- [           main] o.h.engine.jdbc.spi.SqlExceptionHelper   : constraint "uk95ujjxmafyos732kgkit0d3ix" of relation "promociones" does not exist, skipping
2024-07-23T22:39:10.350-05:00 DEBUG 5648 --- [           main] org.hibernate.SQL                        : alter table if exists promociones add constraint UK95ujjxmafyos732kgkit0d3ix unique (initial_date)
Hibernate: alter table if exists promociones add constraint UK95ujjxmafyos732kgkit0d3ix unique (initial_date)
2024-07-23T22:39:10.514-05:00 DEBUG 5648 --- [           main] org.hibernate.SQL                        : alter table if exists promociones drop constraint if exists UKb4rw2tnxuqd1hwsudgvrriqd1
Hibernate: alter table if exists promociones drop constraint if exists UKb4rw2tnxuqd1hwsudgvrriqd1
2024-07-23T22:39:10.691-05:00  WARN 5648 --- [           main] o.h.engine.jdbc.spi.SqlExceptionHelper   : SQL Warning Code: 0, SQLState: 00000
2024-07-23T22:39:10.691-05:00  WARN 5648 --- [           main] o.h.engine.jdbc.spi.SqlExceptionHelper   : constraint "ukb4rw2tnxuqd1hwsudgvrriqd1" of relation "promociones" does not exist, skipping
2024-07-23T22:39:10.691-05:00 DEBUG 5648 --- [           main] org.hibernate.SQL                        : alter table if exists promociones add constraint UKb4rw2tnxuqd1hwsudgvrriqd1 unique (name)
Hibernate: alter table if exists promociones add constraint UKb4rw2tnxuqd1hwsudgvrriqd1 unique (name)
2024-07-23T22:39:10.848-05:00 DEBUG 5648 --- [           main] org.hibernate.SQL                        : alter table if exists roles drop constraint if exists UKofx66keruapi6vyqpv6f2or37
Hibernate: alter table if exists roles drop constraint if exists UKofx66keruapi6vyqpv6f2or37
2024-07-23T22:39:11.029-05:00  WARN 5648 --- [           main] o.h.engine.jdbc.spi.SqlExceptionHelper   : SQL Warning Code: 0, SQLState: 00000
2024-07-23T22:39:11.029-05:00  WARN 5648 --- [           main] o.h.engine.jdbc.spi.SqlExceptionHelper   : constraint "ukofx66keruapi6vyqpv6f2or37" of relation "roles" does not exist, skipping
2024-07-23T22:39:11.029-05:00 DEBUG 5648 --- [           main] org.hibernate.SQL                        : alter table if exists roles add constraint UKofx66keruapi6vyqpv6f2or37 unique (name)
Hibernate: alter table if exists roles add constraint UKofx66keruapi6vyqpv6f2or37 unique (name)
2024-07-23T22:39:11.193-05:00 DEBUG 5648 --- [           main] org.hibernate.SQL                        : alter table if exists users_companies drop constraint if exists UK14t75t5aqeptea16qybb5qmte
Hibernate: alter table if exists users_companies drop constraint if exists UK14t75t5aqeptea16qybb5qmte
2024-07-23T22:39:11.352-05:00  WARN 5648 --- [           main] o.h.engine.jdbc.spi.SqlExceptionHelper   : SQL Warning Code: 0, SQLState: 00000
2024-07-23T22:39:11.352-05:00  WARN 5648 --- [           main] o.h.engine.jdbc.spi.SqlExceptionHelper   : constraint "uk14t75t5aqeptea16qybb5qmte" of relation "users_companies" does not exist, skipping
2024-07-23T22:39:11.352-05:00 DEBUG 5648 --- [           main] org.hibernate.SQL                        : alter table if exists users_companies add constraint UK14t75t5aqeptea16qybb5qmte unique (user_id, company_id)
Hibernate: alter table if exists users_companies add constraint UK14t75t5aqeptea16qybb5qmte unique (user_id, company_id)
2024-07-23T22:39:11.536-05:00 DEBUG 5648 --- [           main] org.hibernate.SQL                        : alter table if exists users_roles drop constraint if exists UKq3r1u8cne2rw2hkr899xuh7vj
Hibernate: alter table if exists users_roles drop constraint if exists UKq3r1u8cne2rw2hkr899xuh7vj
2024-07-23T22:39:11.683-05:00  WARN 5648 --- [           main] o.h.engine.jdbc.spi.SqlExceptionHelper   : SQL Warning Code: 0, SQLState: 00000
2024-07-23T22:39:11.683-05:00  WARN 5648 --- [           main] o.h.engine.jdbc.spi.SqlExceptionHelper   : constraint "ukq3r1u8cne2rw2hkr899xuh7vj" of relation "users_roles" does not exist, skipping
2024-07-23T22:39:11.683-05:00 DEBUG 5648 --- [           main] org.hibernate.SQL                        : alter table if exists users_roles add constraint UKq3r1u8cne2rw2hkr899xuh7vj unique (user_id, role_id)
Hibernate: alter table if exists users_roles add constraint UKq3r1u8cne2rw2hkr899xuh7vj unique (user_id, role_id)
2024-07-23T22:39:11.859-05:00 DEBUG 5648 --- [           main] org.hibernate.SQL                        : alter table if exists customers add constraint FKqucv8amvvjv7346aolysum28w foreign key (user_id_id) references usuarios
Hibernate: alter table if exists customers add constraint FKqucv8amvvjv7346aolysum28w foreign key (user_id_id) references usuarios
2024-07-23T22:39:12.043-05:00 DEBUG 5648 --- [           main] org.hibernate.SQL                        : alter table if exists employees add constraint FK23nctvguwc3u944u1o751kvwv foreign key (user_id_id) references usuarios
Hibernate: alter table if exists employees add constraint FK23nctvguwc3u944u1o751kvwv foreign key (user_id_id) references usuarios
2024-07-23T22:39:12.188-05:00 DEBUG 5648 --- [           main] org.hibernate.SQL                        : alter table if exists employees_positions add constraint FKqm2fa79nuw4l44jc2yvxqcvwh foreign key (position_id) references positions
Hibernate: alter table if exists employees_positions add constraint FKqm2fa79nuw4l44jc2yvxqcvwh foreign key (position_id) references positions
2024-07-23T22:39:12.356-05:00 DEBUG 5648 --- [           main] org.hibernate.SQL                        : alter table if exists employees_positions add constraint FKgv6j1dabqkuc4ptqpb7vjnkq6 foreign key (employee_id) references employees
Hibernate: alter table if exists employees_positions add constraint FKgv6j1dabqkuc4ptqpb7vjnkq6 foreign key (employee_id) references employees
2024-07-23T22:39:12.510-05:00 DEBUG 5648 --- [           main] org.hibernate.SQL                        : alter table if exists products_promotions add constraint FKte8m28y1awo1ffw7w0prw8hsj foreign key (promotion_id) references products
Hibernate: alter table if exists products_promotions add constraint FKte8m28y1awo1ffw7w0prw8hsj foreign key (promotion_id) references products
2024-07-23T22:39:12.662-05:00 DEBUG 5648 --- [           main] org.hibernate.SQL                        : alter table if exists products_promotions add constraint FK9id4x1plyn596phiuoenhmxt2 foreign key (product_id) references promociones
Hibernate: alter table if exists products_promotions add constraint FK9id4x1plyn596phiuoenhmxt2 foreign key (product_id) references promociones
2024-07-23T22:39:12.822-05:00 DEBUG 5648 --- [           main] org.hibernate.SQL                        : alter table if exists sale_details add constraint FKqvh82ispfukxa2yssnok0m12o foreign key (product_id) references products
Hibernate: alter table if exists sale_details add constraint FKqvh82ispfukxa2yssnok0m12o foreign key (product_id) references products
2024-07-23T22:39:12.972-05:00 DEBUG 5648 --- [           main] org.hibernate.SQL                        : alter table if exists sale_details add constraint FK6nruj5m7ntwhc29etigqnlk0m foreign key (sale_id) references sales
Hibernate: alter table if exists sale_details add constraint FK6nruj5m7ntwhc29etigqnlk0m foreign key (sale_id) references sales
2024-07-23T22:39:13.139-05:00 DEBUG 5648 --- [           main] org.hibernate.SQL                        : alter table if exists sales add constraint FKd94vrikapjd2ews1k4lb71sfg foreign key (customer_id) references customers
Hibernate: alter table if exists sales add constraint FKd94vrikapjd2ews1k4lb71sfg foreign key (customer_id) references customers
2024-07-23T22:39:13.294-05:00 DEBUG 5648 --- [           main] org.hibernate.SQL                        : alter table if exists sales add constraint FKfm2ffp4cbnqrpmkfydwaj24j7 foreign key (employe_id) references employees
Hibernate: alter table if exists sales add constraint FKfm2ffp4cbnqrpmkfydwaj24j7 foreign key (employe_id) references employees
2024-07-23T22:39:13.469-05:00 DEBUG 5648 --- [           main] org.hibernate.SQL                        : alter table if exists users_companies add constraint FK4w2qm4jm4t2hjhwqdm2whap4u foreign key (company_id) references companies
Hibernate: alter table if exists users_companies add constraint FK4w2qm4jm4t2hjhwqdm2whap4u foreign key (company_id) references companies
2024-07-23T22:39:13.619-05:00 DEBUG 5648 --- [           main] org.hibernate.SQL                        : alter table if exists users_companies add constraint FKm7jysd0lqwo7svvg8oyik6obn foreign key (user_id) references usuarios
Hibernate: alter table if exists users_companies add constraint FKm7jysd0lqwo7svvg8oyik6obn foreign key (user_id) references usuarios
2024-07-23T22:39:13.779-05:00 DEBUG 5648 --- [           main] org.hibernate.SQL                        : alter table if exists users_roles add constraint FKj6m8fwv7oqv74fcehir1a9ffy foreign key (role_id) references roles
Hibernate: alter table if exists users_roles add constraint FKj6m8fwv7oqv74fcehir1a9ffy foreign key (role_id) references roles
2024-07-23T22:39:13.933-05:00 DEBUG 5648 --- [           main] org.hibernate.SQL                        : alter table if exists users_roles add constraint FKn041pceibmgxc7f9hcb95tm13 foreign key (user_id) references usuarios
Hibernate: alter table if exists users_roles add constraint FKn041pceibmgxc7f9hcb95tm13 foreign key (user_id) references usuarios
2024-07-23T22:39:14.085-05:00  INFO 5648 --- [           main] j.LocalContainerEntityManagerFactoryBean : Initialized JPA EntityManagerFactory for persistence unit 'default'
2024-07-23T22:39:14.460-05:00  INFO 5648 --- [           main] o.s.d.j.r.query.QueryEnhancerFactory     : Hibernate is in classpath; If applicable, HQL parser will be used.
2024-07-23T22:39:14.990-05:00  WARN 5648 --- [           main] JpaBaseConfiguration$JpaWebConfiguration : spring.jpa.open-in-view is enabled by default. Therefore, database queries may be performed during view rendering. Explicitly configure spring.jpa.open-in-view to disable this warning
2024-07-23T22:39:15.414-05:00  INFO 5648 --- [           main] s.demostore.DemoStoreApplicationTests    : Started DemoStoreApplicationTests in 18.897 seconds (process running for 19.88)
]]></system-out>
  </testcase>
</testsuite>